<?xml version="1.0" encoding="UTF-8"?>
<testsuite xmlns:xsi="http://www.w3.org/2001/XMLSchema-instance" xsi:noNamespaceSchemaLocation="https://maven.apache.org/surefire/maven-surefire-plugin/xsd/surefire-test-report-3.0.xsd" version="3.0" name="com.github.javarushcommunity.javarushtelegrambot.JavarushTelegrambotApplicationTests" time="4.979" tests="1" errors="0" skipped="0" failures="0">
  <properties>
[...]
</properties>
  <testcase name="contextLoads" classname="com.github.javarushcommunity.javarushtelegrambot.JavarushTelegrambotApplicationTests" time="0.741">
    <system-out><![CDATA[23:34:27.375 [main] INFO org.springframework.test.context.support.AnnotationConfigContextLoaderUtils -- Could not detect default configuration classes for test class [com.github.javarushcommunity.javarushtelegrambot.JavarushTelegrambotApplicationTests]: JavarushTelegrambotApplicationTests does not declare any static, non-private, non-final, nested classes annotated with @Configuration.
23:34:27.496 [main] INFO org.springframework.boot.test.context.SpringBootTestContextBootstrapper -- Found @SpringBootConfiguration com.github.javarushcommunity.javarushtelegrambot.JavarushTelegrambotApplication for test class com.github.javarushcommunity.javarushtelegrambot.JavarushTelegrambotApplicationTests

  .   ____          _            __ _ _
 /\\ / ___'_ __ _ _(_)_ __  __ _ \ \ \ \
( ( )\___ | '_ | '_| | '_ \/ _` | \ \ \ \
 \\/  ___)| |_)| | | | | || (_| |  ) ) ) )
  '  |____| .__|_| |_|_| |_\__, | / / / /
 =========|_|==============|___/=/_/_/_/
 :: Spring Boot ::                (v3.1.8)

2024-02-13T23:34:27.932+03:00  INFO 864 --- [           main] .j.j.JavarushTelegrambotApplicationTests : Starting JavarushTelegrambotApplicationTests using Java 21.0.2 with PID 864 (started by robert in /home/robert/Desktop/Javarush_bot_2024/javarush-telegrambot2024)
2024-02-13T23:34:27.934+03:00  INFO 864 --- [           main] .j.j.JavarushTelegrambotApplicationTests : No active profile set, falling back to 1 default profile: "default"
2024-02-13T23:34:28.655+03:00  INFO 864 --- [           main] .s.d.r.c.RepositoryConfigurationDelegate : Multiple Spring Data modules found, entering strict repository configuration mode
2024-02-13T23:34:28.656+03:00  INFO 864 --- [           main] .s.d.r.c.RepositoryConfigurationDelegate : Bootstrapping Spring Data JDBC repositories in DEFAULT mode.
2024-02-13T23:34:28.674+03:00  INFO 864 --- [           main] .s.d.r.c.RepositoryConfigurationDelegate : Finished Spring Data repository scanning in 13 ms. Found 0 JDBC repository interfaces.
2024-02-13T23:34:28.689+03:00  INFO 864 --- [           main] .s.d.r.c.RepositoryConfigurationDelegate : Multiple Spring Data modules found, entering strict repository configuration mode
2024-02-13T23:34:28.690+03:00  INFO 864 --- [           main] .s.d.r.c.RepositoryConfigurationDelegate : Bootstrapping Spring Data JPA repositories in DEFAULT mode.
2024-02-13T23:34:28.697+03:00  INFO 864 --- [           main] .s.d.r.c.RepositoryConfigurationDelegate : Finished Spring Data repository scanning in 1 ms. Found 0 JPA repository interfaces.
2024-02-13T23:34:29.235+03:00  INFO 864 --- [           main] o.f.c.internal.license.VersionPrinter    : Flyway Community Edition 9.16.3 by Redgate
2024-02-13T23:34:29.236+03:00  INFO 864 --- [           main] o.f.c.internal.license.VersionPrinter    : See release notes here: https://rd.gt/416ObMi
2024-02-13T23:34:29.236+03:00  INFO 864 --- [           main] o.f.c.internal.license.VersionPrinter    : 
2024-02-13T23:34:29.244+03:00  INFO 864 --- [           main] com.zaxxer.hikari.HikariDataSource       : HikariPool-1 - Starting...
2024-02-13T23:34:29.655+03:00  INFO 864 --- [           main] com.zaxxer.hikari.pool.HikariPool        : HikariPool-1 - Added connection org.postgresql.jdbc.PgConnection@306c7bf6
2024-02-13T23:34:29.657+03:00  INFO 864 --- [           main] com.zaxxer.hikari.HikariDataSource       : HikariPool-1 - Start completed.
2024-02-13T23:34:29.677+03:00  INFO 864 --- [           main] o.f.c.i.database.base.BaseDatabaseType   : Database: jdbc:postgresql://localhost:5432/robert_test_database (PostgreSQL 12.17)
2024-02-13T23:34:29.724+03:00  INFO 864 --- [           main] o.f.core.internal.command.DbValidate     : Successfully validated 2 migrations (execution time 00:00.019s)
2024-02-13T23:34:29.786+03:00  INFO 864 --- [           main] o.f.core.internal.command.DbMigrate      : Current version of schema "public": 00002
2024-02-13T23:34:29.787+03:00 ERROR 864 --- [           main] o.f.core.internal.command.DbMigrate      : Schema "public" has version 00002, but no migration could be resolved in the configured locations !
2024-02-13T23:34:29.788+03:00  INFO 864 --- [           main] o.f.core.internal.command.DbMigrate      : Schema "public" is up to date. No migration necessary.
2024-02-13T23:34:29.942+03:00  INFO 864 --- [           main] o.hibernate.jpa.internal.util.LogHelper  : HHH000204: Processing PersistenceUnitInfo [name: default]
2024-02-13T23:34:30.029+03:00  INFO 864 --- [           main] org.hibernate.Version                    : HHH000412: Hibernate ORM core version 6.2.20.Final
2024-02-13T23:34:30.032+03:00  INFO 864 --- [           main] org.hibernate.cfg.Environment            : HHH000406: Using bytecode reflection optimizer
2024-02-13T23:34:30.303+03:00  INFO 864 --- [           main] o.s.o.j.p.SpringPersistenceUnitInfo      : No LoadTimeWeaver setup: ignoring JPA class transformer
2024-02-13T23:34:30.656+03:00  INFO 864 --- [           main] o.h.e.t.j.p.i.JtaPlatformInitiator       : HHH000489: No JTA platform available (set 'hibernate.transaction.jta.platform' to enable JTA platform integration)
2024-02-13T23:34:30.662+03:00  INFO 864 --- [           main] j.LocalContainerEntityManagerFactoryBean : Initialized JPA EntityManagerFactory for persistence unit 'default'
2024-02-13T23:34:30.832+03:00  WARN 864 --- [           main] JpaBaseConfiguration$JpaWebConfiguration : spring.jpa.open-in-view is enabled by default. Therefore, database queries may be performed during view rendering. Explicitly configure spring.jpa.open-in-view to disable this warning
2024-02-13T23:34:31.393+03:00  INFO 864 --- [           main] .j.j.JavarushTelegrambotApplicationTests : Started JavarushTelegrambotApplicationTests in 3.754 seconds (process running for 4.879)
]]></system-out>
    <system-err><![CDATA[WARNING: A Java agent has been loaded dynamically (/home/robert/.m2/repository/net/bytebuddy/byte-buddy-agent/1.14.11/byte-buddy-agent-1.14.11.jar)
WARNING: If a serviceability tool is in use, please run with -XX:+EnableDynamicAgentLoading to hide this warning
WARNING: If a serviceability tool is not in use, please run with -Djdk.instrument.traceUsage for more information
WARNING: Dynamic loading of agents will be disallowed by default in a future release
]]></system-err>
  </testcase>
</testsuite>